<?xml version="1.0" encoding="UTF-8" ?>
<testsuite tests="3" failures="0" name="net.eisele.security.util.SecurityStoreTest" time="0.265" errors="0" skipped="0">
  <properties>
[...]
</properties>
  <testcase classname="net.eisele.security.util.SecurityStoreTest" name="validateUser" time="0"/>
  <testcase classname="net.eisele.security.util.SecurityStoreTest" name="getSaltForUser" time="0"/>
  <testcase classname="net.eisele.security.util.SecurityStoreTest" name="validateFalseUser" time="0"/>
</testsuite>